[2015-12-25 22:15:47] 127.0.0.1 /Y2Game/index.php/WorkManage/Work/worklist?type=menu&show=member
INFO: [ app_init ] --START--
INFO: Run Behavior\BuildLiteBehavior [ RunTime:0.000000s ]
INFO: Run Behavior\FlashBehaviors [ RunTime:0.000000s ]
INFO: [ app_init ] --END-- [ RunTime:0.000000s ]
INFO: [ app_begin ] --START--
INFO: Run Behavior\ReadHtmlCacheBehavior [ RunTime:0.000000s ]
INFO: [ app_begin ] --END-- [ RunTime:0.000000s ]
SQL: select node.id,node.name from t_role as role,t_role_user as userrole,t_access as access ,t_node as node where userrole.user_id='1' and userrole.role_id=role.id and ( access.role_id=role.id  or (access.role_id=role.pid and role.pid!=0 ) ) and role.status=1 and access.node_id=node.id and node.level=1 and node.status=1 [ RunTime:0.0010s ]
SQL: select node.id,node.name from t_role as role,t_role_user as userrole,t_access as access ,t_node as node where userrole.user_id='1' and userrole.role_id=role.id and ( access.role_id=role.id  or (access.role_id=role.pid and role.pid!=0 ) ) and role.status=1 and access.node_id=node.id and node.level=2 and node.pid=1 and node.status=1 [ RunTime:0.0010s ]
SQL: select node.id,node.name from t_role as role,t_role_user as userrole,t_access as access ,t_node as node where userrole.user_id='1' and userrole.role_id=role.id and ( access.role_id=role.id  or (access.role_id=role.pid and role.pid!=0 ) ) and role.status=1 and access.node_id=node.id and node.level=3 and node.pid=2 and node.status=1 [ RunTime:0.0000s ]
SQL: select node.id,node.name from t_role as role,t_role_user as userrole,t_access as access ,t_node as node where userrole.user_id='1' and userrole.role_id=role.id and ( access.role_id=role.id  or (access.role_id=role.pid and role.pid!=0 ) ) and role.status=1 and access.node_id=node.id and node.level=3 and node.pid=4 and node.status=1 [ RunTime:0.0010s ]
SQL: SELECT * FROM `t_node` WHERE (  name like 'WorkManage'  ) LIMIT 1   [ RunTime:0.0020s ]
SQL: SELECT * FROM `t_node` WHERE (  name like 'Work'  ) LIMIT 1   [ RunTime:0.0010s ]
SQL: SELECT * FROM `t_node` WHERE (  name like 'worklist'  ) LIMIT 1   [ RunTime:0.0020s ]
SQL: INSERT INTO `t_log` (`user_id`,`nickname`,`module`,`action`,`function`,`ctime`,`parameter`) VALUES ('1','超级管理员','WorkManage','Work','worklist','2015-12-25 22:15:46','{\"get\":{\"type\":\"menu\",\"show\":\"member\"},\"post\":[]}') [ RunTime:0.2330s ]
SQL: SELECT * FROM `t_user` WHERE `id` = '1'  [ RunTime:0.0020s ]
SQL: SELECT * FROM `t_user` WHERE `level` = 1 AND `s_id` = '1'  [ RunTime:0.0020s ]
SQL: SELECT COUNT(id) AS tp_count FROM `t_work` WHERE `userId` IN ('2') AND `isDelete` = '0' LIMIT 1   [ RunTime:0.0490s ]
SQL: SELECT * FROM `t_work` WHERE `userId` IN ('2') AND `isDelete` = '0' LIMIT 0,20   [ RunTime:0.0020s ]
INFO: [ view_parse ] --START--
INFO: [ template_filter ] --START--
INFO: Run Behavior\ContentReplaceBehavior [ RunTime:0.001000s ]
INFO: [ template_filter ] --END-- [ RunTime:0.001000s ]
NOTIC: [8] Undefined variable: page_description F:\zendserver\Apache2\htdocs\Y2Game\Application\Runtime\Cache\WorkManage\ba09a8d4f0e3fc376061c0b32f7e3f14.php 第 8 行.
NOTIC: [8] Undefined variable: task_num F:\zendserver\Apache2\htdocs\Y2Game\Application\Runtime\Cache\WorkManage\ba09a8d4f0e3fc376061c0b32f7e3f14.php 第 177 行.
NOTIC: [8] Undefined variable: task_num F:\zendserver\Apache2\htdocs\Y2Game\Application\Runtime\Cache\WorkManage\ba09a8d4f0e3fc376061c0b32f7e3f14.php 第 183 行.
NOTIC: [8] Undefined variable: taskList F:\zendserver\Apache2\htdocs\Y2Game\Application\Runtime\Cache\WorkManage\ba09a8d4f0e3fc376061c0b32f7e3f14.php 第 190 行.
NOTIC: [8] Undefined variable: SECOND_NOW_MENU F:\zendserver\Apache2\htdocs\Y2Game\Application\Runtime\Cache\WorkManage\ba09a8d4f0e3fc376061c0b32f7e3f14.php 第 322 行.
NOTIC: [8] Undefined variable: SECOND_NOW_MENU F:\zendserver\Apache2\htdocs\Y2Game\Application\Runtime\Cache\WorkManage\ba09a8d4f0e3fc376061c0b32f7e3f14.php 第 322 行.
NOTIC: [8] Undefined variable: SECOND_NOW_MENU F:\zendserver\Apache2\htdocs\Y2Game\Application\Runtime\Cache\WorkManage\ba09a8d4f0e3fc376061c0b32f7e3f14.php 第 322 行.
NOTIC: [8] Undefined variable: SECOND_NOW_MENU F:\zendserver\Apache2\htdocs\Y2Game\Application\Runtime\Cache\WorkManage\ba09a8d4f0e3fc376061c0b32f7e3f14.php 第 322 行.
NOTIC: [8] Undefined variable: SECOND_NOW_MENU F:\zendserver\Apache2\htdocs\Y2Game\Application\Runtime\Cache\WorkManage\ba09a8d4f0e3fc376061c0b32f7e3f14.php 第 322 行.
NOTIC: [8] Undefined variable: SECOND_NOW_MENU F:\zendserver\Apache2\htdocs\Y2Game\Application\Runtime\Cache\WorkManage\ba09a8d4f0e3fc376061c0b32f7e3f14.php 第 322 行.
NOTIC: [8] Undefined variable: SECOND_NOW_MENU F:\zendserver\Apache2\htdocs\Y2Game\Application\Runtime\Cache\WorkManage\ba09a8d4f0e3fc376061c0b32f7e3f14.php 第 322 行.
NOTIC: [8] Undefined offset: 1 F:\zendserver\Apache2\htdocs\Y2Game\Application\Runtime\Cache\WorkManage\ba09a8d4f0e3fc376061c0b32f7e3f14.php 第 455 行.
NOTIC: [8] Undefined offset: 2 F:\zendserver\Apache2\htdocs\Y2Game\Application\Runtime\Cache\WorkManage\ba09a8d4f0e3fc376061c0b32f7e3f14.php 第 455 行.
NOTIC: [8] Undefined offset: 3 F:\zendserver\Apache2\htdocs\Y2Game\Application\Runtime\Cache\WorkManage\ba09a8d4f0e3fc376061c0b32f7e3f14.php 第 455 行.
INFO: Run Behavior\ParseTemplateBehavior [ RunTime:0.119007s ]
INFO: [ view_parse ] --END-- [ RunTime:0.119007s ]
INFO: [ view_filter ] --START--
INFO: Run Behavior\WriteHtmlCacheBehavior [ RunTime:0.000000s ]
INFO: [ view_filter ] --END-- [ RunTime:0.000000s ]
INFO: [ app_end ] --START--
INFO: Run Behavior\ShowPageTraceBehavior [ RunTime:0.000000s ]
INFO: [ app_end ] --END-- [ RunTime:0.000000s ]

[2015-12-25 22:15:48] 127.0.0.1 /Y2Game/index.php/WorkManage/Work/getDimensionList?type=getDimensionList
INFO: [ app_init ] --START--
INFO: Run Behavior\BuildLiteBehavior [ RunTime:0.000000s ]
INFO: Run Behavior\FlashBehaviors [ RunTime:0.000000s ]
INFO: [ app_init ] --END-- [ RunTime:0.000000s ]
INFO: [ app_begin ] --START--
INFO: Run Behavior\ReadHtmlCacheBehavior [ RunTime:0.000000s ]
INFO: [ app_begin ] --END-- [ RunTime:0.000000s ]
SQL: select node.id,node.name from t_role as role,t_role_user as userrole,t_access as access ,t_node as node where userrole.user_id='1' and userrole.role_id=role.id and ( access.role_id=role.id  or (access.role_id=role.pid and role.pid!=0 ) ) and role.status=1 and access.node_id=node.id and node.level=1 and node.status=1 [ RunTime:0.0010s ]
SQL: select node.id,node.name from t_role as role,t_role_user as userrole,t_access as access ,t_node as node where userrole.user_id='1' and userrole.role_id=role.id and ( access.role_id=role.id  or (access.role_id=role.pid and role.pid!=0 ) ) and role.status=1 and access.node_id=node.id and node.level=2 and node.pid=1 and node.status=1 [ RunTime:0.0030s ]
SQL: select node.id,node.name from t_role as role,t_role_user as userrole,t_access as access ,t_node as node where userrole.user_id='1' and userrole.role_id=role.id and ( access.role_id=role.id  or (access.role_id=role.pid and role.pid!=0 ) ) and role.status=1 and access.node_id=node.id and node.level=3 and node.pid=2 and node.status=1 [ RunTime:0.0010s ]
SQL: select node.id,node.name from t_role as role,t_role_user as userrole,t_access as access ,t_node as node where userrole.user_id='1' and userrole.role_id=role.id and ( access.role_id=role.id  or (access.role_id=role.pid and role.pid!=0 ) ) and role.status=1 and access.node_id=node.id and node.level=3 and node.pid=4 and node.status=1 [ RunTime:0.0000s ]
SQL: SELECT * FROM `t_node` WHERE (  name like 'WorkManage'  ) LIMIT 1   [ RunTime:0.0000s ]
SQL: SELECT * FROM `t_node` WHERE (  name like 'Work'  ) LIMIT 1   [ RunTime:0.0000s ]
SQL: SELECT * FROM `t_node` WHERE (  name like 'getDimensionList'  ) LIMIT 1   [ RunTime:0.0010s ]
SQL: INSERT INTO `t_log` (`user_id`,`nickname`,`module`,`action`,`function`,`ctime`,`parameter`) VALUES ('1','超级管理员','WorkManage','Work','getDimensionList','2015-12-25 22:15:48','{\"get\":{\"type\":\"getDimensionList\"},\"post\":[]}') [ RunTime:0.2230s ]
SQL: SELECT * FROM `t_dimension` WHERE `is_delete` = '0'  [ RunTime:0.0740s ]

[2015-12-25 22:16:01] 127.0.0.1 /Y2Game/index.php/WorkManage/Work/worklist?synopsis=&searchTime=2015-12-01__2015-12-25&workType=&type=workList&show=my
INFO: [ app_init ] --START--
INFO: Run Behavior\BuildLiteBehavior [ RunTime:0.000000s ]
INFO: Run Behavior\FlashBehaviors [ RunTime:0.000000s ]
INFO: [ app_init ] --END-- [ RunTime:0.000000s ]
INFO: [ app_begin ] --START--
INFO: Run Behavior\ReadHtmlCacheBehavior [ RunTime:0.000000s ]
INFO: [ app_begin ] --END-- [ RunTime:0.000000s ]
SQL: select node.id,node.name from t_role as role,t_role_user as userrole,t_access as access ,t_node as node where userrole.user_id='1' and userrole.role_id=role.id and ( access.role_id=role.id  or (access.role_id=role.pid and role.pid!=0 ) ) and role.status=1 and access.node_id=node.id and node.level=1 and node.status=1 [ RunTime:0.0000s ]
SQL: select node.id,node.name from t_role as role,t_role_user as userrole,t_access as access ,t_node as node where userrole.user_id='1' and userrole.role_id=role.id and ( access.role_id=role.id  or (access.role_id=role.pid and role.pid!=0 ) ) and role.status=1 and access.node_id=node.id and node.level=2 and node.pid=1 and node.status=1 [ RunTime:0.0000s ]
SQL: select node.id,node.name from t_role as role,t_role_user as userrole,t_access as access ,t_node as node where userrole.user_id='1' and userrole.role_id=role.id and ( access.role_id=role.id  or (access.role_id=role.pid and role.pid!=0 ) ) and role.status=1 and access.node_id=node.id and node.level=3 and node.pid=2 and node.status=1 [ RunTime:0.0000s ]
SQL: select node.id,node.name from t_role as role,t_role_user as userrole,t_access as access ,t_node as node where userrole.user_id='1' and userrole.role_id=role.id and ( access.role_id=role.id  or (access.role_id=role.pid and role.pid!=0 ) ) and role.status=1 and access.node_id=node.id and node.level=3 and node.pid=4 and node.status=1 [ RunTime:0.0000s ]
SQL: SELECT * FROM `t_node` WHERE (  name like 'WorkManage'  ) LIMIT 1   [ RunTime:0.0000s ]
SQL: SELECT * FROM `t_node` WHERE (  name like 'Work'  ) LIMIT 1   [ RunTime:0.0000s ]
SQL: SELECT * FROM `t_node` WHERE (  name like 'worklist'  ) LIMIT 1   [ RunTime:0.0010s ]
SQL: INSERT INTO `t_log` (`user_id`,`nickname`,`module`,`action`,`function`,`ctime`,`parameter`) VALUES ('1','超级管理员','WorkManage','Work','worklist','2015-12-25 22:16:01','{\"get\":{\"synopsis\":\"\",\"searchTime\":\"2015-12-01__2015-12-25\",\"workType\":\"\",\"type\":\"workList\",\"show\":\"my\"},\"post\":[]}') [ RunTime:0.0480s ]
SQL: SELECT COUNT(id) AS tp_count FROM `t_work` WHERE `userId` = '1' AND `isDelete` = '0' AND (  ctime < '2015-12-25 23:59:59' AND ctime >= '2015-12-01 00:00:00'  ) LIMIT 1   [ RunTime:0.0020s ]
SQL: SELECT * FROM `t_work` WHERE `userId` = '1' AND `isDelete` = '0' AND (  ctime < '2015-12-25 23:59:59' AND ctime >= '2015-12-01 00:00:00'  ) LIMIT 0,20   [ RunTime:0.0010s ]

